生成启动时间为 2023/12/8 17:39:59。
日志记录详细程度设置为: Normal。     1>项目“D:\github_proj_f\GradingSys\GradingSys\GradingSys.vcxproj”在节点 2 上(Build 个目标)。
     1>InitializeBuildStatus:
         正在创建“D:\github_proj_f\GradingSys\GradingSys\obj\ARM64\Debug\GradingSys.tlog\unsuccessfulbuild”，因为已指定“AlwaysCreate”。
       _ValidateSources:
         正在验证源
       _CopySources:
         正在将源远程复制到“taishan3.ebim.com”
         正在跳过“D:\github_proj_f\GradingSys\GradingSys\main.cpp”，因为它已是最新版本。
         正在将文件“D:\github_proj_f\GradingSys\GradingSys\os.cpp”复制到“/home/g202130190273/projects/GradingSys/os.cpp”
         正在跳过“D:\github_proj_f\GradingSys\GradingSys\server.cpp”，因为它已是最新版本。
         正在跳过“D:\github_proj_f\GradingSys\GradingSys\os.h”，因为它已是最新版本。
         正在跳过“D:\github_proj_f\GradingSys\GradingSys\server.h”，因为它已是最新版本。
       _ValidateCompatibleRemoteArchitectures:
         正在验证体系结构
       _ValidateValidArchitecture:
         正在验证体系结构
         当前项目体系结构“ARM64”兼容远程系统体系结构“ARM64”(“ARM64”)。
       ClCompile:
         正在启动远程生成
         正在编译源:
         正在跳过“D:\github_proj_f\GradingSys\GradingSys\main.cpp”，因为它已是最新版本。
         正在调用“g++”
         g++ -c -x c++ /home/g202130190273/projects/GradingSys/os.cpp -g2 -gdwarf-2 -o "/home/g202130190273/projects/GradingSys/obj/ARM64/Debug/os.o" -Wall -Wswitch -W"no-deprecated-declarations" -W"empty-body" -Wconversion -W"return-type" -Wparentheses -W"no-format" -Wuninitialized -W"unreachable-code" -W"unused-function" -W"unused-value" -W"unused-variable" -O0 -fno-strict-aliasing -fno-omit-frame-pointer -fthreadsafe-statics -fexceptions -frtti -std=c++11
         os.cpp
         /home/g202130190273/projects/GradingSys/os.cpp: 在函数‘bool Format()’中:
         /home/g202130190273/projects/GradingSys/os.cpp:60:17: 警告：conversion from ‘int’ to ‘short unsigned int’ may change value [-Wconversion]
            60 |  ino.inode_id = iaddr;
               |                 ^~~~~
         /home/g202130190273/projects/GradingSys/os.cpp:90:28: 警告：ISO C++ forbids converting a string constant to ‘char*’ [-Wwrite-strings]
            90 |  mkdir(temp, Cur_Dir_Addr, "home");
               |                            ^~~~~~
         /home/g202130190273/projects/GradingSys/os.cpp:91:25: 警告：ISO C++ forbids converting a string constant to ‘char*’ [-Wwrite-strings]
            91 |  cd(temp, Cur_Dir_Addr, "home");
               |                         ^~~~~~
         /home/g202130190273/projects/GradingSys/os.cpp:92:28: 警告：ISO C++ forbids converting a string constant to ‘char*’ [-Wwrite-strings]
            92 |  mkdir(temp, Cur_Dir_Addr, "root");
               |                            ^~~~~~
         /home/g202130190273/projects/GradingSys/os.cpp:100:28: 警告：ISO C++ forbids converting a string constant to ‘char*’ [-Wwrite-strings]
           100 |  mkdir(temp, Cur_Dir_Addr, "etc");
               |                            ^~~~~
         /home/g202130190273/projects/GradingSys/os.cpp:101:25: 警告：ISO C++ forbids converting a string constant to ‘char*’ [-Wwrite-strings]
           101 |  cd(temp, Cur_Dir_Addr, "etc");
               |                         ^~~~~
         /home/g202130190273/projects/GradingSys/os.cpp:105:29: 警告：ISO C++ forbids converting a string constant to ‘char*’ [-Wwrite-strings]
           105 |  mkfile(temp, Cur_Dir_Addr, "passwd", buf);
               |                             ^~~~~~~~
         /home/g202130190273/projects/GradingSys/os.cpp:109:29: 警告：ISO C++ forbids converting a string constant to ‘char*’ [-Wwrite-strings]
           109 |  mkfile(temp, Cur_Dir_Addr, "shadow", buf);
               |                             ^~~~~~~~
         /home/g202130190273/projects/GradingSys/os.cpp:110:28: 警告：ISO C++ forbids converting a string constant to ‘char*’ [-Wwrite-strings]
           110 |  chmod(temp, Cur_Dir_Addr, "shadow", pmode,0);
               |                            ^~~~~~~~
         /home/g202130190273/projects/GradingSys/os.cpp:115:29: 警告：ISO C++ forbids converting a string constant to ‘char*’ [-Wwrite-strings]
           115 |  mkfile(temp, Cur_Dir_Addr, "group", buf);
               |                             ^~~~~~~
         /home/g202130190273/projects/GradingSys/os.cpp: 在函数‘bool mkdir(Client&, int, char*)’中:
         /home/g202130190273/projects/GradingSys/os.cpp:157:45: 警告：建议在‘&’的操作数中的比较表达式前后加上括号 [-Wparentheses]
           157 |  if ((((parino.inode_mode >> role >> 1) & 1 == 0) )&& (strcmp(Cur_User_Name, "root") != 0)) {
               |                                           ~~^~~~
         /home/g202130190273/projects/GradingSys/os.cpp:248:20: 警告：conversion from ‘int’ to ‘short unsigned int’ may change value [-Wconversion]
           248 |  chiino.inode_id = chiiaddr;
               |                    ^~~~~~~~
         /home/g202130190273/projects/GradingSys/os.cpp:277:10: 警告：unused variable ‘ditem’ [-Wunused-variable]
           277 |  DirItem ditem[DirItem_Size];
               |          ^~~~~
         /home/g202130190273/projects/GradingSys/os.cpp: 在函数‘bool mkfile(Client&, int, char*, char*)’中:
         /home/g202130190273/projects/GradingSys/os.cpp:305:45: 警告：建议在‘&’的操作数中的比较表达式前后加上括号 [-Wparentheses]
           305 |  if ((((parino.inode_mode >> role >> 1) & 1 == 0)) && (strcmp(Cur_User_Name, "root") != 0)) {
               |                                           ~~^~~~
         /home/g202130190273/projects/GradingSys/os.cpp:391:20: 警告：conversion from ‘int’ to ‘short unsigned int’ may change value [-Wconversion]
           391 |  chiino.inode_id = chiiaddr;
               |                    ^~~~~~~~
         /home/g202130190273/projects/GradingSys/os.cpp: 在函数‘bool writefile(inode, int, char*)’中:
         /home/g202130190273/projects/GradingSys/os.cpp:414:43: 警告：conversion from ‘size_t’ {aka ‘long unsigned int’} to ‘int’ may change value [-Wconversion]
           414 |  int new_block = strlen(buf) / BLOCK_SIZE + 1;
               |                  ~~~~~~~~~~~~~~~~~~~~~~~~~^~~
         /home/g202130190273/projects/GradingSys/os.cpp:440:36: 警告：conversion from ‘size_t’ {aka ‘long unsigned int’} to ‘unsigned int’ may change value [-Wconversion]
           440 |  fileinode.inode_file_size = strlen(buf);
               |                              ~~~~~~^~~~~
         /home/g202130190273/projects/GradingSys/os.cpp: 在函数‘bool rmdir(Client&, int, char*)’中:
         /home/g202130190273/projects/GradingSys/os.cpp:501:39: 警告：建议在‘&’的操作数中的比较表达式前后加上括号 [-Wparentheses]
           501 |      if ((chiino.inode_mode >> 9) & 1 == 1) { //目录
               |                                     ~~^~~~
         /home/g202130190273/projects/GradingSys/os.cpp: 在函数‘bool addfile(Client&, inode, int, char*)’中:
         /home/g202130190273/projects/GradingSys/os.cpp:569:28: 警告：conversion from ‘size_t’ {aka ‘long unsigned int’} to ‘unsigned int’ may change value [-Wconversion]
           569 |  fileinode.inode_file_size += strlen(buf);
               |  ~~~~~~~~~~~~~~~~~~~~~~~~~~^~~~~~~~~~~~~~
         /home/g202130190273/projects/GradingSys/os.cpp:583:28: 警告：conversion from ‘size_t’ {aka ‘long unsigned int’} to ‘int’ may change value [-Wconversion]
           583 |    int offset = BLOCK_SIZE - strlen(temp);
         /home/g202130190273/projects/GradingSys/os.cpp:588:20: 警告：comparison of integer expressions of different signedness: ‘size_t’ {aka ‘long unsigned int’} and ‘int’ [-Wsign-compare]
           588 |    if (strlen(buf) > offset) {
               |        ~~~~~~~~~~~~^~~~~~~~
         /home/g202130190273/projects/GradingSys/os.cpp: 在函数‘bool logout(Client&)’中:
         /home/g202130190273/projects/GradingSys/os.cpp:1003:8: 警告：语句不起作用 [-Wunused-value]
          1003 |  strcmp(Cur_User_Name, "");
               |  ~~~~~~^~~~~~~~~~~~~~~~~~~
         /home/g202130190273/projects/GradingSys/os.cpp:1004:8: 警告：语句不起作用 [-Wunused-value]
          1004 |  strcmp(Cur_Group_Name, "");
               |  ~~~~~~^~~~~~~~~~~~~~~~~~~~
         /home/g202130190273/projects/GradingSys/os.cpp:1005:8: 警告：语句不起作用 [-Wunused-value]
          1005 |  strcmp(Cur_User_Dir_Name, "");
               |  ~~~~~~^~~~~~~~~~~~~~~~~~~~~~~
         /home/g202130190273/projects/GradingSys/os.cpp: 在函数‘bool useradd(Client&, char*, char*, char*)’中:
         /home/g202130190273/projects/GradingSys/os.cpp:1031:27: 警告：ISO C++ forbids converting a string constant to ‘char*’ [-Wwrite-strings]
          1031 |  cd(client, Cur_Dir_Addr, "home"); // 非用户的cd
               |                           ^~~~~~
         /home/g202130190273/projects/GradingSys/os.cpp:1038:27: 警告：ISO C++ forbids converting a string constant to ‘char*’ [-Wwrite-strings]
          1038 |  cd(client, Cur_Dir_Addr, "etc");
               |                           ^~~~~
         /home/g202130190273/projects/GradingSys/os.cpp:1105:36: 警告：conversion from ‘size_t’ {aka ‘long unsigned int’} to ‘unsigned int’ may change value [-Wconversion]
          1105 |  passwdino.inode_file_size = strlen(buf);
               |                              ~~~~~~^~~~~
         /home/g202130190273/projects/GradingSys/os.cpp:1124:36: 警告：conversion from ‘size_t’ {aka ‘long unsigned int’} to ‘unsigned int’ may change value [-Wconversion]
          1124 |  shadowino.inode_file_size = strlen(buf);
               |                              ~~~~~~^~~~~
         /home/g202130190273/projects/GradingSys/os.cpp:1178:35: 警告：conversion from ‘size_t’ {aka ‘long unsigned int’} to ‘unsigned int’ may change value [-Wconversion]
          1178 |  groupino.inode_file_size = strlen(buf);
               |                             ~~~~~~^~~~~
         /home/g202130190273/projects/GradingSys/os.cpp: 在函数‘bool userdel(Client&, char*)’中:
         /home/g202130190273/projects/GradingSys/os.cpp:1220:27: 警告：ISO C++ forbids converting a string constant to ‘char*’ [-Wwrite-strings]
          1220 |  cd(client, Cur_Dir_Addr, "etc");
               |                           ^~~~~
         /home/g202130190273/projects/GradingSys/os.cpp:1276:36: 警告：conversion from ‘size_t’ {aka ‘long unsigned int’} to ‘unsigned int’ may change value [-Wconversion]
          1276 |  passwdino.inode_file_size = strlen(buf);
               |                              ~~~~~~^~~~~
         /home/g202130190273/projects/GradingSys/os.cpp:1297:36: 警告：conversion from ‘size_t’ {aka ‘long unsigned int’} to ‘unsigned int’ may change value [-Wconversion]
          1297 |  shadowino.inode_file_size = strlen(buf);
               |                              ~~~~~~^~~~~
         /home/g202130190273/projects/GradingSys/os.cpp:1326:35: 警告：conversion from ‘size_t’ {aka ‘long unsigned int’} to ‘unsigned int’ may change value [-Wconversion]
          1326 |  groupino.inode_file_size = strlen(buf);
               |                             ~~~~~~^~~~~
         /home/g202130190273/projects/GradingSys/os.cpp:1330:27: 警告：ISO C++ forbids converting a string constant to ‘char*’ [-Wwrite-strings]
          1330 |  cd(client, Cur_Dir_Addr, "home");
               |                           ^~~~~~
         /home/g202130190273/projects/GradingSys/os.cpp: 在函数‘bool check(Client&, char*, char*)’中:
         /home/g202130190273/projects/GradingSys/os.cpp:1345:27: 警告：ISO C++ forbids converting a string constant to ‘char*’ [-Wwrite-strings]
          1345 |  cd(client, Cur_Dir_Addr, "etc");
               |                           ^~~~~
         /home/g202130190273/projects/GradingSys/os.cpp:1452:27: 警告：ISO C++ forbids converting a string constant to ‘char*’ [-Wwrite-strings]
          1452 |  cd(client, Cur_Dir_Addr, "home");
               |                           ^~~~~~
         /home/g202130190273/projects/GradingSys/os.cpp: 在函数‘bool chmod(Client&, int, char*, int, int)’中:
         /home/g202130190273/projects/GradingSys/os.cpp:1488:56: 警告：conversion from ‘int’ to ‘short unsigned int’ may change value [-Wconversion]
          1488 |      chiino.inode_mode = (chiino.inode_mode >> 9 << 9) | pmode;
               |                          ~~~~~~~~~~~~~~~~~~~~~~~~~~~~~~^~~~~~~
         
         已完成编译“/home/g202130190273/projects/GradingSys/os.cpp”
         正在跳过“D:\github_proj_f\GradingSys\GradingSys\server.cpp”，因为它已是最新版本。
         /home/g202130190273/projects/GradingSys/os.cpp: 在函数‘void cmd(Client&, int)’中:
         /home/g202130190273/projects/GradingSys/os.cpp:1547:38: 警告：ISO C++ forbids converting a string constant to ‘char*’ [-Wwrite-strings]
          1547 |   mkfile(client, Cur_Dir_Addr, com2, "");
               |                                      ^~
         
       Link:
         正在链接对象
         正在调用“ld”
         g++ -o "/home/g202130190273/projects/GradingSys/bin/ARM64/Debug/GradingSys.out" -Wl,--no-undefined -Wl,-z,relro -Wl,-z,now -Wl,-z,noexecstack /home/g202130190273/projects/GradingSys/obj/ARM64/Debug/main.o /home/g202130190273/projects/GradingSys/obj/ARM64/Debug/os.o /home/g202130190273/projects/GradingSys/obj/ARM64/Debug/server.o
         已完成链接，输出文件名:“/home/g202130190273/projects/GradingSys/bin/ARM64/Debug/GradingSys.out”
         正在将文件“/home/g202130190273/projects/GradingSys/bin/ARM64/Debug/GradingSys.out”复制到“D:\github_proj_f\GradingSys\GradingSys\bin\ARM64\Debug\GradingSys.out”
         GradingSys.vcxproj -> D:\github_proj_f\GradingSys\GradingSys\bin\ARM64\Debug\GradingSys.out
       FinalizeBuildStatus:
         正在删除文件“D:\github_proj_f\GradingSys\GradingSys\obj\ARM64\Debug\GradingSys.tlog\unsuccessfulbuild”。
         正在对“D:\github_proj_f\GradingSys\GradingSys\obj\ARM64\Debug\GradingSys.tlog\GradingSys.lastbuildstate”执行 Touch 任务。
     1>已完成生成项目“D:\github_proj_f\GradingSys\GradingSys\GradingSys.vcxproj”(Build 个目标)的操作。

已成功生成。
    0 个警告
    0 个错误

已用时间 00:00:27.00
